
/home/runner/work/exp-age-hardening-aluminium-iitk/exp-age-hardening-aluminium-iitk/experiment/simulation/css/experiments/9/js/components.js
    1:10  warning  'Furnace' is defined but never used                 no-unused-vars
    8:7   warning  'imgUTMPiller1' is assigned a value but never used  no-unused-vars
    9:7   warning  'imgUTMPiller2' is assigned a value but never used  no-unused-vars
   21:22  warning  'ContextMenu' is not defined                        no-undef
   21:43  warning  'ContextMenu' is not defined                        no-undef
   84:23  warning  'ContextMenu' is not defined                        no-undef
  138:9   warning  'step' is not defined                               no-undef
  139:22  warning  'step' is not defined                               no-undef
  150:9   warning  'step' is not defined                               no-undef
  151:22  warning  'step' is not defined                               no-undef
  174:5   warning  'boundary' is not defined                           no-undef
  183:13  warning  'boundary' is not defined                           no-undef
  183:34  warning  'boundary' is not defined                           no-undef
  183:55  warning  'boundary' is not defined                           no-undef
  183:76  warning  'boundary' is not defined                           no-undef
  202:12  warning  'drawLine' is defined but never used                no-unused-vars
  209:27  warning  'event' is defined but never used                   no-unused-vars
  222:29  warning  'event' is defined but never used                   no-unused-vars
  231:11  warning  'rect' is assigned a value but never used           no-unused-vars
  303:23  warning  'ContextMenu' is not defined                        no-undef
  312:15  warning  'sample1' is not defined                            no-undef
  365:10  warning  'Sample1' is defined but never used                 no-unused-vars
  368:17  warning  'SAMPLE_ASSETS_PATH' is not defined                 no-undef
  383:22  warning  'ContextMenu' is not defined                        no-undef
  383:43  warning  'ContextMenu' is not defined                        no-undef
  385:25  warning  'ContextMenu' is not defined                        no-undef
  385:50  warning  'ContextMenu' is not defined                        no-undef
  410:23  warning  'ContextMenu' is not defined                        no-undef
  418:5   warning  'x' is not defined                                  no-undef
  419:5   warning  'y' is not defined                                  no-undef
  422:7   warning  'x' is not defined                                  no-undef
  422:12  warning  'x' is not defined                                  no-undef
  423:7   warning  'y' is not defined                                  no-undef
  423:12  warning  'y' is not defined                                  no-undef
  436:34  warning  'x' is not defined                                  no-undef
  436:37  warning  'y' is not defined                                  no-undef
  446:9   warning  'step' is not defined                               no-undef
  447:22  warning  'step' is not defined                               no-undef
  458:9   warning  'step' is not defined                               no-undef
  459:22  warning  'step' is not defined                               no-undef
  473:7   warning  'boundary' is not defined                           no-undef
  480:7   warning  'boundary' is not defined                           no-undef
  490:13  warning  'boundary' is not defined                           no-undef
  490:34  warning  'boundary' is not defined                           no-undef
  490:55  warning  'boundary' is not defined                           no-undef
  490:76  warning  'boundary' is not defined                           no-undef
  509:27  warning  'event' is defined but never used                   no-unused-vars
  524:11  warning  'furnace' is not defined                            no-undef
  524:22  warning  'furnace' is not defined                            no-undef
  524:44  warning  'furnace' is not defined                            no-undef
  525:9   warning  'furnace' is not defined                            no-undef
  527:18  warning  'vickers' is not defined                            no-undef
  527:29  warning  'vickers' is not defined                            no-undef
  527:51  warning  'vickers' is not defined                            no-undef
  528:9   warning  'vickers' is not defined                            no-undef
  657:10  warning  'Vickers' is defined but never used                 no-unused-vars
  677:22  warning  'ContextMenu' is not defined                        no-undef
  677:43  warning  'ContextMenu' is not defined                        no-undef
  740:23  warning  'ContextMenu' is not defined                        no-undef
  793:9   warning  'step' is not defined                               no-undef
  794:22  warning  'step' is not defined                               no-undef
  805:9   warning  'step' is not defined                               no-undef
  806:22  warning  'step' is not defined                               no-undef
  829:5   warning  'boundary' is not defined                           no-undef
  838:13  warning  'boundary' is not defined                           no-undef
  838:34  warning  'boundary' is not defined                           no-undef
  838:55  warning  'boundary' is not defined                           no-undef
  838:76  warning  'boundary' is not defined                           no-undef
  857:12  warning  'drawLine' is defined but never used                no-unused-vars
  864:27  warning  'event' is defined but never used                   no-unused-vars
  877:29  warning  'event' is defined but never used                   no-unused-vars
  886:11  warning  'rect' is assigned a value but never used           no-unused-vars
  958:23  warning  'ContextMenu' is not defined                        no-undef
  967:15  warning  'sample1' is not defined                            no-undef

/home/runner/work/exp-age-hardening-aluminium-iitk/exp-age-hardening-aluminium-iitk/experiment/simulation/css/experiments/9/js/context.js
  1:7  warning  'ContextMenu' is defined but never used  no-unused-vars

/home/runner/work/exp-age-hardening-aluminium-iitk/exp-age-hardening-aluminium-iitk/experiment/simulation/css/experiments/9/js/index.js
    2:7   warning  'schema' is assigned a value but never used               no-unused-vars
  101:5   warning  'sampleLength' is assigned a value but never used         no-unused-vars
  102:5   warning  'sampleDiameter' is assigned a value but never used       no-unused-vars
  103:5   warning  'sampleFinalLength' is assigned a value but never used    no-unused-vars
  104:5   warning  'sampleFinalDiameter' is assigned a value but never used  no-unused-vars
  117:10  warning  'handle' is defined but never used                        no-unused-vars
  122:10  warning  'handleStep1' is defined but never used                   no-unused-vars
  162:7   warning  'furnace' is not defined                                  no-undef
  162:16  warning  'furnace' is not defined                                  no-undef
  163:7   warning  'sample1' is not defined                                  no-undef
  163:16  warning  'sample1' is not defined                                  no-undef
  175:10  warning  'handleStep2' is defined but never used                   no-unused-vars
  179:8   warning  'furnace' is not defined                                  no-undef
  179:20  warning  'furnace' is not defined                                  no-undef
  184:8   warning  'furnace' is not defined                                  no-undef
  195:7   warning  'sample1' is not defined                                  no-undef
  195:16  warning  'sample1' is not defined                                  no-undef
  197:3   warning  'vickers' is not defined                                  no-undef
  216:10  warning  'handleStep3' is defined but never used                   no-unused-vars
  221:8   warning  'vickers' is not defined                                  no-undef
  221:20  warning  'vickers' is not defined                                  no-undef
  226:8   warning  'vickers' is not defined                                  no-undef
  277:7   warning  'sample1' is not defined                                  no-undef
  277:16  warning  'sample1' is not defined                                  no-undef
  278:7   warning  'furnace' is not defined                                  no-undef
  278:16  warning  'furnace' is not defined                                  no-undef
  282:10  warning  'handleStep4' is defined but never used                   no-unused-vars
  296:5   warning  'vickers' is not defined                                  no-undef
  303:7   warning  'vickers' is not defined                                  no-undef
  312:9   warning  'furnace' is not defined                                  no-undef
  356:10  warning  'handleStep5' is defined but never used                   no-unused-vars
  367:3   warning  'vickers' is not defined                                  no-undef
  368:3   warning  'modal' is not defined                                    no-undef
  368:15  warning  'Modal' is not defined                                    no-undef
  424:3   warning  'modal' is not defined                                    no-undef
  440:7   warning  'furnace' is not defined                                  no-undef
  440:16  warning  'furnace' is not defined                                  no-undef
  490:10  warning  'handleStep7' is defined but never used                   no-unused-vars
  539:38  warning  'Chart' is not defined                                    no-undef
  586:10  warning  'showGraph' is defined but never used                     no-unused-vars
  587:3   warning  'graphModal' is not defined                               no-undef
  587:20  warning  'Modal' is not defined                                    no-undef
  597:3   warning  'graphModal' is not defined                               no-undef

/home/runner/work/exp-age-hardening-aluminium-iitk/exp-age-hardening-aluminium-iitk/experiment/simulation/css/experiments/9/js/main.js
   22:13  warning  'Furnace' is not defined           no-undef
   24:13  warning  'Vickers' is not defined           no-undef
   26:13  warning  'Sample1' is not defined           no-undef
   59:10  warning  'i' is not defined                 no-undef
   59:18  warning  'i' is not defined                 no-undef
   59:36  warning  'i' is not defined                 no-undef
   60:12  warning  'j' is not defined                 no-undef
   60:20  warning  'j' is not defined                 no-undef
   60:39  warning  'j' is not defined                 no-undef
   61:22  warning  'i' is not defined                 no-undef
   61:25  warning  'j' is not defined                 no-undef
  131:24  warning  'event' is defined but never used  no-unused-vars
  139:7   warning  'vc' is not defined                no-undef
  170:5   warning  'img' is not defined               no-undef
  171:5   warning  'img' is not defined               no-undef
  172:5   warning  'img' is not defined               no-undef
  173:5   warning  'img' is not defined               no-undef
  174:33  warning  'img' is not defined               no-undef
  175:24  warning  'img' is not defined               no-undef
  189:40  warning  'e' is defined but never used      no-unused-vars

/home/runner/work/exp-age-hardening-aluminium-iitk/exp-age-hardening-aluminium-iitk/experiment/simulation/css/experiments/9/js/modal.js
    4:7   warning  'Modal' is defined but never used  no-unused-vars
  110:40  warning  'e' is defined but never used      no-unused-vars
  121:40  warning  'e' is defined but never used      no-unused-vars
  132:40  warning  'e' is defined but never used      no-unused-vars

/home/runner/work/exp-age-hardening-aluminium-iitk/exp-age-hardening-aluminium-iitk/experiment/simulation/css/experiments/9/js/popover.js
  39:7  warning  'Popover' is defined but never used  no-unused-vars

/home/runner/work/exp-age-hardening-aluminium-iitk/exp-age-hardening-aluminium-iitk/experiment/simulation/js/components.js
    1:10  warning  'Furnace' is defined but never used                 no-unused-vars
    8:7   warning  'imgUTMPiller1' is assigned a value but never used  no-unused-vars
    9:7   warning  'imgUTMPiller2' is assigned a value but never used  no-unused-vars
   21:22  warning  'ContextMenu' is not defined                        no-undef
   21:43  warning  'ContextMenu' is not defined                        no-undef
   84:23  warning  'ContextMenu' is not defined                        no-undef
  138:9   warning  'step' is not defined                               no-undef
  139:22  warning  'step' is not defined                               no-undef
  150:9   warning  'step' is not defined                               no-undef
  151:22  warning  'step' is not defined                               no-undef
  174:5   warning  'boundary' is not defined                           no-undef
  183:13  warning  'boundary' is not defined                           no-undef
  183:34  warning  'boundary' is not defined                           no-undef
  183:55  warning  'boundary' is not defined                           no-undef
  183:76  warning  'boundary' is not defined                           no-undef
  202:12  warning  'drawLine' is defined but never used                no-unused-vars
  209:27  warning  'event' is defined but never used                   no-unused-vars
  222:29  warning  'event' is defined but never used                   no-unused-vars
  231:11  warning  'rect' is assigned a value but never used           no-unused-vars
  303:23  warning  'ContextMenu' is not defined                        no-undef
  312:15  warning  'sample1' is not defined                            no-undef
  365:10  warning  'Sample1' is defined but never used                 no-unused-vars
  368:17  warning  'SAMPLE_ASSETS_PATH' is not defined                 no-undef
  383:22  warning  'ContextMenu' is not defined                        no-undef
  383:43  warning  'ContextMenu' is not defined                        no-undef
  385:25  warning  'ContextMenu' is not defined                        no-undef
  385:50  warning  'ContextMenu' is not defined                        no-undef
  410:23  warning  'ContextMenu' is not defined                        no-undef
  418:5   warning  'x' is not defined                                  no-undef
  419:5   warning  'y' is not defined                                  no-undef
  422:7   warning  'x' is not defined                                  no-undef
  422:12  warning  'x' is not defined                                  no-undef
  423:7   warning  'y' is not defined                                  no-undef
  423:12  warning  'y' is not defined                                  no-undef
  436:34  warning  'x' is not defined                                  no-undef
  436:37  warning  'y' is not defined                                  no-undef
  446:9   warning  'step' is not defined                               no-undef
  447:22  warning  'step' is not defined                               no-undef
  458:9   warning  'step' is not defined                               no-undef
  459:22  warning  'step' is not defined                               no-undef
  473:7   warning  'boundary' is not defined                           no-undef
  480:7   warning  'boundary' is not defined                           no-undef
  490:13  warning  'boundary' is not defined                           no-undef
  490:34  warning  'boundary' is not defined                           no-undef
  490:55  warning  'boundary' is not defined                           no-undef
  490:76  warning  'boundary' is not defined                           no-undef
  509:27  warning  'event' is defined but never used                   no-unused-vars
  524:11  warning  'furnace' is not defined                            no-undef
  524:22  warning  'furnace' is not defined                            no-undef
  524:44  warning  'furnace' is not defined                            no-undef
  525:9   warning  'furnace' is not defined                            no-undef
  527:18  warning  'vickers' is not defined                            no-undef
  527:29  warning  'vickers' is not defined                            no-undef
  527:51  warning  'vickers' is not defined                            no-undef
  528:9   warning  'vickers' is not defined                            no-undef
  657:10  warning  'Vickers' is defined but never used                 no-unused-vars
  677:22  warning  'ContextMenu' is not defined                        no-undef
  677:43  warning  'ContextMenu' is not defined                        no-undef
  740:23  warning  'ContextMenu' is not defined                        no-undef
  793:9   warning  'step' is not defined                               no-undef
  794:22  warning  'step' is not defined                               no-undef
  805:9   warning  'step' is not defined                               no-undef
  806:22  warning  'step' is not defined                               no-undef
  829:5   warning  'boundary' is not defined                           no-undef
  838:13  warning  'boundary' is not defined                           no-undef
  838:34  warning  'boundary' is not defined                           no-undef
  838:55  warning  'boundary' is not defined                           no-undef
  838:76  warning  'boundary' is not defined                           no-undef
  857:12  warning  'drawLine' is defined but never used                no-unused-vars
  864:27  warning  'event' is defined but never used                   no-unused-vars
  877:29  warning  'event' is defined but never used                   no-unused-vars
  886:11  warning  'rect' is assigned a value but never used           no-unused-vars
  958:23  warning  'ContextMenu' is not defined                        no-undef
  967:15  warning  'sample1' is not defined                            no-undef

/home/runner/work/exp-age-hardening-aluminium-iitk/exp-age-hardening-aluminium-iitk/experiment/simulation/js/context.js
  1:7  warning  'ContextMenu' is defined but never used  no-unused-vars

/home/runner/work/exp-age-hardening-aluminium-iitk/exp-age-hardening-aluminium-iitk/experiment/simulation/js/index.js
    2:7   warning  'schema' is assigned a value but never used               no-unused-vars
   26:5   warning  'sampleLength' is assigned a value but never used         no-unused-vars
   27:5   warning  'sampleDiameter' is assigned a value but never used       no-unused-vars
   28:5   warning  'sampleFinalLength' is assigned a value but never used    no-unused-vars
   29:5   warning  'sampleFinalDiameter' is assigned a value but never used  no-unused-vars
   42:10  warning  'handle' is defined but never used                        no-unused-vars
   47:10  warning  'handleStep1' is defined but never used                   no-unused-vars
   87:7   warning  'furnace' is not defined                                  no-undef
   87:16  warning  'furnace' is not defined                                  no-undef
   88:7   warning  'sample1' is not defined                                  no-undef
   88:16  warning  'sample1' is not defined                                  no-undef
  100:10  warning  'handleStep2' is defined but never used                   no-unused-vars
  104:8   warning  'furnace' is not defined                                  no-undef
  104:20  warning  'furnace' is not defined                                  no-undef
  109:8   warning  'furnace' is not defined                                  no-undef
  120:7   warning  'sample1' is not defined                                  no-undef
  120:16  warning  'sample1' is not defined                                  no-undef
  122:3   warning  'vickers' is not defined                                  no-undef
  141:10  warning  'handleStep3' is defined but never used                   no-unused-vars
  146:8   warning  'vickers' is not defined                                  no-undef
  146:20  warning  'vickers' is not defined                                  no-undef
  151:8   warning  'vickers' is not defined                                  no-undef
  202:7   warning  'sample1' is not defined                                  no-undef
  202:16  warning  'sample1' is not defined                                  no-undef
  203:7   warning  'furnace' is not defined                                  no-undef
  203:16  warning  'furnace' is not defined                                  no-undef
  207:10  warning  'handleStep4' is defined but never used                   no-unused-vars
  221:5   warning  'vickers' is not defined                                  no-undef
  228:7   warning  'vickers' is not defined                                  no-undef
  237:9   warning  'furnace' is not defined                                  no-undef
  281:10  warning  'handleStep5' is defined but never used                   no-unused-vars
  292:3   warning  'vickers' is not defined                                  no-undef
  295:10  warning  'handleStep6' is defined but never used                   no-unused-vars
  308:7   warning  'furnace' is not defined                                  no-undef
  308:16  warning  'furnace' is not defined                                  no-undef
  310:3   warning  'modal' is not defined                                    no-undef
  310:15  warning  'Modal' is not defined                                    no-undef
  367:3   warning  'modal' is not defined                                    no-undef
  377:38  warning  'Chart' is not defined                                    no-undef
  424:10  warning  'showGraph' is defined but never used                     no-unused-vars
  425:3   warning  'graphModal' is not defined                               no-undef
  425:20  warning  'Modal' is not defined                                    no-undef
  435:3   warning  'graphModal' is not defined                               no-undef

/home/runner/work/exp-age-hardening-aluminium-iitk/exp-age-hardening-aluminium-iitk/experiment/simulation/js/main.js
   22:13  warning  'Furnace' is not defined           no-undef
   24:13  warning  'Vickers' is not defined           no-undef
   26:13  warning  'Sample1' is not defined           no-undef
   59:10  warning  'i' is not defined                 no-undef
   59:18  warning  'i' is not defined                 no-undef
   59:36  warning  'i' is not defined                 no-undef
   60:12  warning  'j' is not defined                 no-undef
   60:20  warning  'j' is not defined                 no-undef
   60:39  warning  'j' is not defined                 no-undef
   61:22  warning  'i' is not defined                 no-undef
   61:25  warning  'j' is not defined                 no-undef
  131:24  warning  'event' is defined but never used  no-unused-vars
  139:7   warning  'vc' is not defined                no-undef
  170:5   warning  'img' is not defined               no-undef
  171:5   warning  'img' is not defined               no-undef
  172:5   warning  'img' is not defined               no-undef
  173:5   warning  'img' is not defined               no-undef
  174:33  warning  'img' is not defined               no-undef
  175:24  warning  'img' is not defined               no-undef
  189:40  warning  'e' is defined but never used      no-unused-vars

/home/runner/work/exp-age-hardening-aluminium-iitk/exp-age-hardening-aluminium-iitk/experiment/simulation/js/modal.js
    4:7   warning  'Modal' is defined but never used  no-unused-vars
  110:40  warning  'e' is defined but never used      no-unused-vars
  121:40  warning  'e' is defined but never used      no-unused-vars
  132:40  warning  'e' is defined but never used      no-unused-vars

/home/runner/work/exp-age-hardening-aluminium-iitk/exp-age-hardening-aluminium-iitk/experiment/simulation/js/popover.js
  39:7  warning  'Popover' is defined but never used  no-unused-vars

✖ 286 problems (0 errors, 286 warnings)

